<?xml version="1.0" encoding="UTF-8"?>
<!-- Generated by org.testng.reporters.JUnitXMLReporter -->
<testsuite ignored="0" hostname="LAPTOP-P2104HK7" failures="3" tests="8" name="Chrome Test" time="41.493" errors="0" timestamp="2025-12-08T14:28:38 IST">
  <testcase classname="testscript.Base" name="@AfterMethod browserQuitAndClose" time="0.447">
    <failure type="java.io.FileNotFoundException" message="C:\Users\Saritha R S\git\GroceryProjectrepo\groceryproject\OutputScreenShot\verifyUserCanAddNews08_12_2025_02_28_11.png (The system cannot find the path specified)">
      <![CDATA[java.io.FileNotFoundException: C:\Users\Saritha R S\git\GroceryProjectrepo\groceryproject\OutputScreenShot\verifyUserCanAddNews08_12_2025_02_28_11.png (The system cannot find the path specified)
at java.base/java.io.FileOutputStream.open0(Native Method)
at java.base/java.io.FileOutputStream.open(FileOutputStream.java:289)
at java.base/java.io.FileOutputStream.<init>(FileOutputStream.java:230)
at java.base/java.io.FileOutputStream.<init>(FileOutputStream.java:179)
at org.openqa.selenium.io.FileHandler.copyFile(FileHandler.java:133)
at org.openqa.selenium.io.FileHandler.copy(FileHandler.java:112)
at utilities.ScreenshotUtilities.getScreenShot(ScreenshotUtilities.java:25)
at testscript.Base.browserQuitAndClose(Base.java:51)
at java.base/java.util.concurrent.Executors$RunnableAdapter.call(Executors.java:572)
at java.base/java.util.concurrent.FutureTask.run(FutureTask.java:317)
at java.base/java.util.concurrent.ThreadPoolExecutor.runWorker(ThreadPoolExecutor.java:1144)
at java.base/java.util.concurrent.ThreadPoolExecutor$Worker.run(ThreadPoolExecutor.java:642)
at java.base/java.lang.Thread.run(Thread.java:1583)
... Removed 16 stack frames]]>
    </failure>
  </testcase> <!-- @AfterMethod browserQuitAndClose -->
  <testcase classname="testscript.Base" name="@AfterMethod browserQuitAndClose" time="0.432">
    <failure type="java.io.FileNotFoundException" message="C:\Users\Saritha R S\git\GroceryProjectrepo\groceryproject\OutputScreenShot\verifyUserCanAddNewUsers08_12_2025_02_28_11.png (The system cannot find the path specified)">
      <![CDATA[java.io.FileNotFoundException: C:\Users\Saritha R S\git\GroceryProjectrepo\groceryproject\OutputScreenShot\verifyUserCanAddNewUsers08_12_2025_02_28_11.png (The system cannot find the path specified)
at java.base/java.io.FileOutputStream.open0(Native Method)
at java.base/java.io.FileOutputStream.open(FileOutputStream.java:289)
at java.base/java.io.FileOutputStream.<init>(FileOutputStream.java:230)
at java.base/java.io.FileOutputStream.<init>(FileOutputStream.java:179)
at org.openqa.selenium.io.FileHandler.copyFile(FileHandler.java:133)
at org.openqa.selenium.io.FileHandler.copy(FileHandler.java:112)
at utilities.ScreenshotUtilities.getScreenShot(ScreenshotUtilities.java:25)
at testscript.Base.browserQuitAndClose(Base.java:51)
at java.base/java.util.concurrent.Executors$RunnableAdapter.call(Executors.java:572)
at java.base/java.util.concurrent.FutureTask.run(FutureTask.java:317)
at java.base/java.util.concurrent.ThreadPoolExecutor.runWorker(ThreadPoolExecutor.java:1144)
at java.base/java.util.concurrent.ThreadPoolExecutor$Worker.run(ThreadPoolExecutor.java:642)
at java.base/java.lang.Thread.run(Thread.java:1583)
... Removed 16 stack frames]]>
    </failure>
  </testcase> <!-- @AfterMethod browserQuitAndClose -->
  <testcase classname="testscript.Base" name="@AfterMethod browserQuitAndClose" time="0.356">
    <failure type="java.io.FileNotFoundException" message="C:\Users\Saritha R S\git\GroceryProjectrepo\groceryproject\OutputScreenShot\verifyLogout08_12_2025_02_28_11.png (The system cannot find the path specified)">
      <![CDATA[java.io.FileNotFoundException: C:\Users\Saritha R S\git\GroceryProjectrepo\groceryproject\OutputScreenShot\verifyLogout08_12_2025_02_28_11.png (The system cannot find the path specified)
at java.base/java.io.FileOutputStream.open0(Native Method)
at java.base/java.io.FileOutputStream.open(FileOutputStream.java:289)
at java.base/java.io.FileOutputStream.<init>(FileOutputStream.java:230)
at java.base/java.io.FileOutputStream.<init>(FileOutputStream.java:179)
at org.openqa.selenium.io.FileHandler.copyFile(FileHandler.java:133)
at org.openqa.selenium.io.FileHandler.copy(FileHandler.java:112)
at utilities.ScreenshotUtilities.getScreenShot(ScreenshotUtilities.java:25)
at testscript.Base.browserQuitAndClose(Base.java:51)
at java.base/java.util.concurrent.Executors$RunnableAdapter.call(Executors.java:572)
at java.base/java.util.concurrent.FutureTask.run(FutureTask.java:317)
at java.base/java.util.concurrent.ThreadPoolExecutor.runWorker(ThreadPoolExecutor.java:1144)
at java.base/java.util.concurrent.ThreadPoolExecutor$Worker.run(ThreadPoolExecutor.java:642)
at java.base/java.lang.Thread.run(Thread.java:1583)
... Removed 16 stack frames]]>
    </failure>
  </testcase> <!-- @AfterMethod browserQuitAndClose -->
  <testcase classname="testscript.ManageNewsTest" name="verifyUserCanAddNews" time="0.852">
    <failure type="org.apache.poi.EmptyFileException" message="The supplied file was empty (zero bytes long)">
      <![CDATA[org.apache.poi.EmptyFileException: The supplied file was empty (zero bytes long)
at org.apache.poi.util.IOUtils.peekFirstNBytes(IOUtils.java:157)
at org.apache.poi.poifs.filesystem.FileMagic.valueOf(FileMagic.java:209)
at org.apache.poi.openxml4j.opc.internal.ZipHelper.verifyZipHeader(ZipHelper.java:147)
at org.apache.poi.openxml4j.opc.internal.ZipHelper.openZipStream(ZipHelper.java:191)
at org.apache.poi.openxml4j.opc.ZipPackage.<init>(ZipPackage.java:210)
at org.apache.poi.openxml4j.opc.OPCPackage.open(OPCPackage.java:517)
at org.apache.poi.openxml4j.opc.OPCPackage.open(OPCPackage.java:490)
at org.apache.poi.ooxml.util.PackageHelper.open(PackageHelper.java:67)
at org.apache.poi.xssf.usermodel.XSSFWorkbook.<init>(XSSFWorkbook.java:315)
at org.apache.poi.xssf.usermodel.XSSFWorkbook.<init>(XSSFWorkbook.java:289)
at utilities.ExcelUtilities.getStringData(ExcelUtilities.java:33)
at testscript.ManageNewsTest.verifyUserCanAddNews(ManageNewsTest.java:20)
at java.base/java.util.concurrent.Executors$RunnableAdapter.call(Executors.java:572)
at java.base/java.util.concurrent.FutureTask.run(FutureTask.java:317)
at java.base/java.util.concurrent.ThreadPoolExecutor.runWorker(ThreadPoolExecutor.java:1144)
at java.base/java.util.concurrent.ThreadPoolExecutor$Worker.run(ThreadPoolExecutor.java:642)
at java.base/java.lang.Thread.run(Thread.java:1583)
... Removed 11 stack frames]]>
    </failure>
  </testcase> <!-- verifyUserCanAddNews -->
  <testcase classname="testscript.AdminUsersTest" name="verifyUserCanAddNewUsers" time="1.021">
    <failure type="org.apache.poi.EmptyFileException" message="The supplied file was empty (zero bytes long)">
      <![CDATA[org.apache.poi.EmptyFileException: The supplied file was empty (zero bytes long)
at org.apache.poi.util.IOUtils.peekFirstNBytes(IOUtils.java:157)
at org.apache.poi.poifs.filesystem.FileMagic.valueOf(FileMagic.java:209)
at org.apache.poi.openxml4j.opc.internal.ZipHelper.verifyZipHeader(ZipHelper.java:147)
at org.apache.poi.openxml4j.opc.internal.ZipHelper.openZipStream(ZipHelper.java:191)
at org.apache.poi.openxml4j.opc.ZipPackage.<init>(ZipPackage.java:210)
at org.apache.poi.openxml4j.opc.OPCPackage.open(OPCPackage.java:517)
at org.apache.poi.openxml4j.opc.OPCPackage.open(OPCPackage.java:490)
at org.apache.poi.ooxml.util.PackageHelper.open(PackageHelper.java:67)
at org.apache.poi.xssf.usermodel.XSSFWorkbook.<init>(XSSFWorkbook.java:315)
at org.apache.poi.xssf.usermodel.XSSFWorkbook.<init>(XSSFWorkbook.java:289)
at utilities.ExcelUtilities.getStringData(ExcelUtilities.java:33)
at testscript.AdminUsersTest.verifyUserCanAddNewUsers(AdminUsersTest.java:20)
at java.base/java.util.concurrent.Executors$RunnableAdapter.call(Executors.java:572)
at java.base/java.util.concurrent.FutureTask.run(FutureTask.java:317)
at java.base/java.util.concurrent.ThreadPoolExecutor.runWorker(ThreadPoolExecutor.java:1144)
at java.base/java.util.concurrent.ThreadPoolExecutor$Worker.run(ThreadPoolExecutor.java:642)
at java.base/java.lang.Thread.run(Thread.java:1583)
... Removed 11 stack frames]]>
    </failure>
  </testcase> <!-- verifyUserCanAddNewUsers -->
  <testcase classname="testscript.LogoutTest" name="verifyLogout" time="1.854">
    <failure type="java.io.IOException" message="Stream Closed">
      <![CDATA[java.io.IOException: Stream Closed
at java.base/java.io.FileInputStream.available0(Native Method)
at java.base/java.io.FileInputStream.available(FileInputStream.java:473)
at java.base/java.io.BufferedInputStream.implRead(BufferedInputStream.java:428)
at java.base/java.io.BufferedInputStream.read(BufferedInputStream.java:399)
at java.base/java.io.FilterInputStream.read(FilterInputStream.java:119)
at java.base/java.io.PushbackInputStream.read(PushbackInputStream.java:197)
at java.base/java.io.FilterInputStream.read(FilterInputStream.java:95)
at org.apache.commons.compress.archivers.zip.ZipArchiveInputStream.fill(ZipArchiveInputStream.java:541)
at org.apache.commons.compress.archivers.zip.ZipArchiveInputStream.readFromInflater(ZipArchiveInputStream.java:1071)
at org.apache.commons.compress.archivers.zip.ZipArchiveInputStream.readDeflated(ZipArchiveInputStream.java:998)
at org.apache.commons.compress.archivers.zip.ZipArchiveInputStream.read(ZipArchiveInputStream.java:929)
at java.base/java.io.FilterInputStream.read(FilterInputStream.java:119)
at org.apache.poi.openxml4j.util.ZipArchiveThresholdInputStream.read(ZipArchiveThresholdInputStream.java:78)
at org.apache.poi.util.IOUtils.toByteArray(IOUtils.java:271)
at org.apache.poi.util.IOUtils.toByteArray(IOUtils.java:235)
at org.apache.poi.openxml4j.util.ZipArchiveFakeEntry.<init>(ZipArchiveFakeEntry.java:93)
at org.apache.poi.openxml4j.util.ZipInputStreamZipEntrySource.<init>(ZipInputStreamZipEntrySource.java:114)
at org.apache.poi.openxml4j.opc.ZipPackage.<init>(ZipPackage.java:211)
at org.apache.poi.openxml4j.opc.OPCPackage.open(OPCPackage.java:517)
at org.apache.poi.openxml4j.opc.OPCPackage.open(OPCPackage.java:490)
at org.apache.poi.ooxml.util.PackageHelper.open(PackageHelper.java:67)
at org.apache.poi.xssf.usermodel.XSSFWorkbook.<init>(XSSFWorkbook.java:315)
at org.apache.poi.xssf.usermodel.XSSFWorkbook.<init>(XSSFWorkbook.java:289)
at utilities.ExcelUtilities.getStringData(ExcelUtilities.java:33)
at testscript.LogoutTest.verifyLogout(LogoutTest.java:19)
at java.base/java.util.concurrent.Executors$RunnableAdapter.call(Executors.java:572)
at java.base/java.util.concurrent.FutureTask.run(FutureTask.java:317)
at java.base/java.util.concurrent.ThreadPoolExecutor.runWorker(ThreadPoolExecutor.java:1144)
at java.base/java.util.concurrent.ThreadPoolExecutor$Worker.run(ThreadPoolExecutor.java:642)
at java.base/java.lang.Thread.run(Thread.java:1583)
... Removed 11 stack frames]]>
    </failure>
  </testcase> <!-- verifyLogout -->
  <testcase classname="testscript.LoginTest" name="verifyBothWrongCredentials" time="1.568">
    <skipped/>
  </testcase> <!-- verifyBothWrongCredentials -->
  <testcase classname="testscript.LoginTest" name="verifyBothWrongCredentials" time="2.735"/>
  <testcase classname="testscript.LoginTest" name="verifyPasswordWrong" time="1.038"/>
  <testcase classname="testscript.LoginTest" name="verifyTheUserIsAbleToLoginUsingValidCredentials" time="2.566"/>
  <testcase classname="testscript.LoginTest" name="verifyUsernameWrong" time="2.51"/>
</testsuite> <!-- Chrome Test -->
