<?xml version="1.0" encoding="UTF-8"?>
<!-- Generated by org.testng.reporters.JUnitXMLReporter -->
<testsuite ignored="2" hostname="LAPTOP-P2104HK7" failures="1" tests="3" name="Chrome Test" time="15.704" errors="0" timestamp="2025-12-08T14:31:41 IST">
  <testcase classname="testscript.Base" name="@AfterMethod browserQuitAndClose" time="0.297">
    <failure type="java.io.FileNotFoundException" message="C:\Users\Saritha R S\git\GroceryProjectrepo\groceryproject\OutputScreenShot\verifyTheUserIsAbleToLoginUsingValidCredentials08_12_2025_02_31_35.png (The system cannot find the path specified)">
      <![CDATA[java.io.FileNotFoundException: C:\Users\Saritha R S\git\GroceryProjectrepo\groceryproject\OutputScreenShot\verifyTheUserIsAbleToLoginUsingValidCredentials08_12_2025_02_31_35.png (The system cannot find the path specified)
at java.base/java.io.FileOutputStream.open0(Native Method)
at java.base/java.io.FileOutputStream.open(FileOutputStream.java:289)
at java.base/java.io.FileOutputStream.<init>(FileOutputStream.java:230)
at java.base/java.io.FileOutputStream.<init>(FileOutputStream.java:179)
at org.openqa.selenium.io.FileHandler.copyFile(FileHandler.java:133)
at org.openqa.selenium.io.FileHandler.copy(FileHandler.java:112)
at utilities.ScreenshotUtilities.getScreenShot(ScreenshotUtilities.java:25)
at testscript.Base.browserQuitAndClose(Base.java:51)
at java.base/java.util.concurrent.Executors$RunnableAdapter.call(Executors.java:572)
at java.base/java.util.concurrent.FutureTask.run(FutureTask.java:317)
at java.base/java.util.concurrent.ThreadPoolExecutor.runWorker(ThreadPoolExecutor.java:1144)
at java.base/java.util.concurrent.ThreadPoolExecutor$Worker.run(ThreadPoolExecutor.java:642)
at java.base/java.lang.Thread.run(Thread.java:1583)
... Removed 16 stack frames]]>
    </failure>
  </testcase> <!-- @AfterMethod browserQuitAndClose -->
  <testcase classname="testscript.LoginTest" name="verifyTheUserIsAbleToLoginUsingValidCredentials" time="1.266">
    <failure type="org.apache.poi.ooxml.POIXMLException" message="org.apache.poi.openxml4j.exceptions.InvalidFormatException: Package should contain a content type part [M1.13]">
      <![CDATA[org.apache.poi.ooxml.POIXMLException: org.apache.poi.openxml4j.exceptions.InvalidFormatException: Package should contain a content type part [M1.13]
at org.apache.poi.ooxml.util.PackageHelper.open(PackageHelper.java:73)
at org.apache.poi.xssf.usermodel.XSSFWorkbook.<init>(XSSFWorkbook.java:315)
at org.apache.poi.xssf.usermodel.XSSFWorkbook.<init>(XSSFWorkbook.java:289)
at utilities.ExcelUtilities.getStringData(ExcelUtilities.java:33)
at testscript.LoginTest.verifyTheUserIsAbleToLoginUsingValidCredentials(LoginTest.java:16)
at java.base/java.util.concurrent.Executors$RunnableAdapter.call(Executors.java:572)
at java.base/java.util.concurrent.FutureTask.run(FutureTask.java:317)
at java.base/java.util.concurrent.ThreadPoolExecutor.runWorker(ThreadPoolExecutor.java:1144)
at java.base/java.util.concurrent.ThreadPoolExecutor$Worker.run(ThreadPoolExecutor.java:642)
at java.base/java.lang.Thread.run(Thread.java:1583)
Caused by: org.apache.poi.openxml4j.exceptions.InvalidFormatException: Package should contain a content type part [M1.13]
at org.apache.poi.openxml4j.opc.ZipPackage.getPartsImpl(ZipPackage.java:405)
at org.apache.poi.openxml4j.opc.OPCPackage.getParts(OPCPackage.java:950)
at org.apache.poi.openxml4j.opc.OPCPackage.open(OPCPackage.java:523)
at org.apache.poi.openxml4j.opc.OPCPackage.open(OPCPackage.java:490)
at org.apache.poi.ooxml.util.PackageHelper.open(PackageHelper.java:67)
... 20 more
... Removed 11 stack frames]]>
    </failure>
  </testcase> <!-- verifyTheUserIsAbleToLoginUsingValidCredentials -->
  <testcase classname="testscript.LoginTest" name="verifyBothWrongCredentials" time="1.341">
    <skipped/>
  </testcase> <!-- verifyBothWrongCredentials -->
  <testcase classname="testscript.LoginTest" name="verifyBothWrongCredentials" time="2.685"/>
  <testcase classname="testscript.LoginTest" name="verifyPasswordWrong" time="0.0">
    <ignored/>
  </testcase> <!-- verifyPasswordWrong -->
  <testcase classname="testscript.LoginTest" name="verifyUsernameWrong" time="0.0">
    <ignored/>
  </testcase> <!-- verifyUsernameWrong -->
</testsuite> <!-- Chrome Test -->
