<?xml version="1.0" encoding="UTF-8"?>
<!-- Generated by org.testng.reporters.JUnitXMLReporter -->
<testsuite ignored="0" hostname="LAPTOP-P2104HK7" failures="0" tests="10" name="Test" time="68.813" errors="0" timestamp="2025-12-17T16:14:09 IST">
  <testcase classname="testscript.LoginTest" name="verifyBothWrongCredentials" time="2.775"/>
  <testcase classname="testscript.LoginTest" name="verifyPasswordWrong" time="0.751"/>
  <testcase classname="testscript.LoginTest" name="verifyTheUserIsAbleToLoginUsingValidCredentials" time="1.153"/>
  <testcase classname="testscript.LoginTest" name="verifyUsernameWrong" time="1.284"/>
  <testcase classname="testscript.ManageNewsTest" name="verifyUserCanAddNews" time="4.231"/>
  <testcase classname="testscript.AdminUsersTest" name="verifyUserCanAddNewUsers" time="3.875"/>
  <testcase classname="testscript.LogoutTest" name="verifyLogout" time="2.706"/>
  <testcase classname="testscript.ManageFooterTextTest" name="verifyUserCanUpdate" time="3.903"/>
  <testcase classname="testscript.ManageContactTest" name="verifyUserCanUpdate" time="6.541"/>
  <testcase classname="testscript.ManageCategoryTest" name="verifyUserCanAddNewCategory" time="4.534"/>
</testsuite> <!-- Test -->
