<?xml version="1.0" encoding="UTF-8"?>
<!-- Generated by org.testng.reporters.JUnitXMLReporter -->
<testsuite ignored="0" hostname="LAPTOP-P2104HK7" failures="0" tests="10" name="Test" time="72.031" errors="0" timestamp="2025-12-16T14:59:54 IST">
  <testcase classname="testscript.LoginTest" name="verifyBothWrongCredentials" time="2.905"/>
  <testcase classname="testscript.LoginTest" name="verifyPasswordWrong" time="0.781"/>
  <testcase classname="testscript.LoginTest" name="verifyTheUserIsAbleToLoginUsingValidCredentials" time="1.298"/>
  <testcase classname="testscript.LoginTest" name="verifyUsernameWrong" time="0.961"/>
  <testcase classname="testscript.ManageNewsTest" name="verifyUserCanAddNews" time="4.33"/>
  <testcase classname="testscript.AdminUsersTest" name="verifyUserCanAddNewUsers" time="3.336"/>
  <testcase classname="testscript.LogoutTest" name="verifyLogout" time="2.489"/>
  <testcase classname="testscript.ManageFooterTextTest" name="verifyUserCanUpdate" time="3.693"/>
  <testcase classname="testscript.ManageContactTest" name="verifyUserCanUpdate" time="5.652"/>
  <testcase classname="testscript.ManageCategoryTest" name="verifyUserCanAddNewCategory" time="3.874"/>
</testsuite> <!-- Test -->
