<?xml version="1.0" encoding="UTF-8"?>
<!-- Generated by org.testng.reporters.JUnitReportReporter -->
<testsuite hostname="LAPTOP-P2104HK7" failures="0" tests="4" name="testscript.LoginTest" time="13.929" errors="0" timestamp="2025-12-16T15:39:03 IST" skipped="0">
  <testcase classname="testscript.LoginTest" name="verifyBothWrongCredentials" time="3.823"/>
  <testcase classname="testscript.LoginTest" name="verifyTheUserIsAbleToLoginUsingValidCredentials" time="3.252"/>
  <testcase classname="testscript.LoginTest" name="verifyPasswordWrong" time="2.617"/>
  <testcase classname="testscript.LoginTest" name="verifyUsernameWrong" time="4.237"/>
</testsuite> <!-- testscript.LoginTest -->
