<?xml version="1.0" encoding="UTF-8"?>
<!-- Generated by org.testng.reporters.JUnitReportReporter -->
<testsuite hostname="LAPTOP-P2104HK7" failures="0" tests="4" name="testscript.LoginTest" time="17.850" errors="0" timestamp="2025-12-15T23:56:41 IST" skipped="0">
  <testcase classname="testscript.LoginTest" name="verifyPasswordWrong" time="3.576"/>
  <testcase classname="testscript.LoginTest" name="verifyBothWrongCredentials" time="5.634"/>
  <testcase classname="testscript.LoginTest" name="verifyTheUserIsAbleToLoginUsingValidCredentials" time="3.880"/>
  <testcase classname="testscript.LoginTest" name="verifyUsernameWrong" time="4.760"/>
</testsuite> <!-- testscript.LoginTest -->
