<?xml version="1.0" encoding="UTF-8"?>
<!-- Generated by org.testng.reporters.JUnitReportReporter -->
<testsuite hostname="LAPTOP-P2104HK7" failures="0" tests="4" name="testscript.LoginTest" time="18.915" errors="0" timestamp="2025-12-16T00:23:05 IST" skipped="0">
  <testcase classname="testscript.LoginTest" name="verifyPasswordWrong" time="3.130"/>
  <testcase classname="testscript.LoginTest" name="verifyBothWrongCredentials" time="5.728"/>
  <testcase classname="testscript.LoginTest" name="verifyUsernameWrong" time="4.225"/>
  <testcase classname="testscript.LoginTest" name="verifyTheUserIsAbleToLoginUsingValidCredentials" time="5.832"/>
</testsuite> <!-- testscript.LoginTest -->
