<?xml version="1.0" encoding="UTF-8"?>
<!-- Generated by org.testng.reporters.JUnitReportReporter -->
<testsuite hostname="LAPTOP-P2104HK7" failures="0" tests="4" name="testscript.LoginTest" time="24.804" errors="0" timestamp="2025-12-16T14:59:54 IST" skipped="0">
  <testcase classname="testscript.LoginTest" name="verifyUsernameWrong" time="3.467"/>
  <testcase classname="testscript.LoginTest" name="verifyBothWrongCredentials" time="6.668"/>
  <testcase classname="testscript.LoginTest" name="verifyPasswordWrong" time="2.973"/>
  <testcase classname="testscript.LoginTest" name="verifyTheUserIsAbleToLoginUsingValidCredentials" time="11.696"/>
</testsuite> <!-- testscript.LoginTest -->
