<?xml version="1.0" encoding="UTF-8"?>
<testng-results ignored="0" total="10" passed="10" failed="0" skipped="0">
  <reporter-output>
  </reporter-output>
  <suite started-at="2025-12-17T16:12:59 IST" name="Suite" finished-at="2025-12-17T16:14:08 IST" duration-ms="68813">
    <groups>
      <group name="regression">
        <method signature="LoginTest.verifyBothWrongCredentials()[pri:0, instance:testscript.LoginTest@1f9f6368]" name="verifyBothWrongCredentials" class="testscript.LoginTest"/>
      </group> <!-- regression -->
      <group name="Regression">
        <method signature="ManageNewsTest.verifyUserCanAddNews()[pri:0, instance:testscript.ManageNewsTest@769a1df5]" name="verifyUserCanAddNews" class="testscript.ManageNewsTest"/>
      </group> <!-- Regression -->
    </groups>
    <test started-at="2025-12-17T16:12:59 IST" name="Test" finished-at="2025-12-17T16:14:08 IST" duration-ms="68813">
      <class name="testscript.ManageNewsTest">
        <test-method is-config="true" signature="browserInitialization(java.lang.String)[pri:0, instance:testscript.ManageNewsTest@769a1df5]" started-at="2025-12-17T16:13:17 IST" name="browserInitialization" finished-at="2025-12-17T16:13:21 IST" duration-ms="4093" status="PASS">
          <params>
            <param index="0">
              <value>
                <![CDATA[chrome]]>
              </value>
            </param>
          </params>
          <reporter-output>
          </reporter-output>
        </test-method> <!-- browserInitialization -->
        <test-method signature="verifyUserCanAddNews()[pri:0, instance:testscript.ManageNewsTest@769a1df5]" started-at="2025-12-17T16:13:21 IST" name="verifyUserCanAddNews" description="To Verify User is able to enter the ManageNews" finished-at="2025-12-17T16:13:25 IST" duration-ms="4231" status="PASS">
          <reporter-output>
          </reporter-output>
        </test-method> <!-- verifyUserCanAddNews -->
        <test-method is-config="true" signature="browserQuitAndClose(org.testng.ITestResult)[pri:0, instance:testscript.ManageNewsTest@769a1df5]" started-at="2025-12-17T16:13:25 IST" name="browserQuitAndClose" finished-at="2025-12-17T16:13:25 IST" duration-ms="1" status="PASS">
          <params>
            <param index="0">
              <value>
                <![CDATA[[TestResult name=verifyUserCanAddNews status=SUCCESS method=ManageNewsTest.verifyUserCanAddNews()[pri:0, instance:testscript.ManageNewsTest@769a1df5] output={null}]]]>
              </value>
            </param>
          </params>
          <reporter-output>
          </reporter-output>
        </test-method> <!-- browserQuitAndClose -->
      </class> <!-- testscript.ManageNewsTest -->
      <class name="testscript.ManageContactTest">
        <test-method is-config="true" signature="browserInitialization(java.lang.String)[pri:0, instance:testscript.ManageContactTest@24105dc5]" started-at="2025-12-17T16:13:47 IST" name="browserInitialization" finished-at="2025-12-17T16:13:52 IST" duration-ms="5343" status="PASS">
          <params>
            <param index="0">
              <value>
                <![CDATA[chrome]]>
              </value>
            </param>
          </params>
          <reporter-output>
          </reporter-output>
        </test-method> <!-- browserInitialization -->
        <test-method signature="verifyUserCanUpdate()[pri:0, instance:testscript.ManageContactTest@24105dc5]" started-at="2025-12-17T16:13:52 IST" name="verifyUserCanUpdate" description=" To verify user is able to access managecontactpage" finished-at="2025-12-17T16:13:59 IST" duration-ms="6541" status="PASS">
          <reporter-output>
          </reporter-output>
        </test-method> <!-- verifyUserCanUpdate -->
        <test-method is-config="true" signature="browserQuitAndClose(org.testng.ITestResult)[pri:0, instance:testscript.ManageContactTest@24105dc5]" started-at="2025-12-17T16:13:59 IST" name="browserQuitAndClose" finished-at="2025-12-17T16:13:59 IST" duration-ms="3" status="PASS">
          <params>
            <param index="0">
              <value>
                <![CDATA[[TestResult name=verifyUserCanUpdate status=SUCCESS method=ManageContactTest.verifyUserCanUpdate()[pri:0, instance:testscript.ManageContactTest@24105dc5] output={null}]]]>
              </value>
            </param>
          </params>
          <reporter-output>
          </reporter-output>
        </test-method> <!-- browserQuitAndClose -->
      </class> <!-- testscript.ManageContactTest -->
      <class name="testscript.ManageFooterTextTest">
        <test-method is-config="true" signature="browserInitialization(java.lang.String)[pri:0, instance:testscript.ManageFooterTextTest@2438dcd]" started-at="2025-12-17T16:13:40 IST" name="browserInitialization" finished-at="2025-12-17T16:13:43 IST" duration-ms="3283" status="PASS">
          <params>
            <param index="0">
              <value>
                <![CDATA[chrome]]>
              </value>
            </param>
          </params>
          <reporter-output>
          </reporter-output>
        </test-method> <!-- browserInitialization -->
        <test-method signature="verifyUserCanUpdate()[pri:0, instance:testscript.ManageFooterTextTest@2438dcd]" started-at="2025-12-17T16:13:43 IST" name="verifyUserCanUpdate" description=" To verify user is able to access FooterTextInformations" finished-at="2025-12-17T16:13:47 IST" duration-ms="3903" status="PASS">
          <reporter-output>
          </reporter-output>
        </test-method> <!-- verifyUserCanUpdate -->
        <test-method is-config="true" signature="browserQuitAndClose(org.testng.ITestResult)[pri:0, instance:testscript.ManageFooterTextTest@2438dcd]" started-at="2025-12-17T16:13:47 IST" name="browserQuitAndClose" finished-at="2025-12-17T16:13:47 IST" duration-ms="1" status="PASS">
          <params>
            <param index="0">
              <value>
                <![CDATA[[TestResult name=verifyUserCanUpdate status=SUCCESS method=ManageFooterTextTest.verifyUserCanUpdate()[pri:0, instance:testscript.ManageFooterTextTest@2438dcd] output={null}]]]>
              </value>
            </param>
          </params>
          <reporter-output>
          </reporter-output>
        </test-method> <!-- browserQuitAndClose -->
      </class> <!-- testscript.ManageFooterTextTest -->
      <class name="testscript.AdminUsersTest">
        <test-method is-config="true" signature="browserInitialization(java.lang.String)[pri:0, instance:testscript.AdminUsersTest@41f69e84]" started-at="2025-12-17T16:13:25 IST" name="browserInitialization" finished-at="2025-12-17T16:13:28 IST" duration-ms="3198" status="PASS">
          <params>
            <param index="0">
              <value>
                <![CDATA[chrome]]>
              </value>
            </param>
          </params>
          <reporter-output>
          </reporter-output>
        </test-method> <!-- browserInitialization -->
        <test-method signature="verifyUserCanAddNewUsers()[pri:0, instance:testscript.AdminUsersTest@41f69e84]" started-at="2025-12-17T16:13:28 IST" name="verifyUserCanAddNewUsers" description="Used to verify whether the user is able to enter admin user informations" finished-at="2025-12-17T16:13:32 IST" duration-ms="3875" status="PASS">
          <reporter-output>
          </reporter-output>
        </test-method> <!-- verifyUserCanAddNewUsers -->
        <test-method is-config="true" signature="browserQuitAndClose(org.testng.ITestResult)[pri:0, instance:testscript.AdminUsersTest@41f69e84]" started-at="2025-12-17T16:13:32 IST" name="browserQuitAndClose" finished-at="2025-12-17T16:13:32 IST" duration-ms="2" status="PASS">
          <params>
            <param index="0">
              <value>
                <![CDATA[[TestResult name=verifyUserCanAddNewUsers status=SUCCESS method=AdminUsersTest.verifyUserCanAddNewUsers()[pri:0, instance:testscript.AdminUsersTest@41f69e84] output={null}]]]>
              </value>
            </param>
          </params>
          <reporter-output>
          </reporter-output>
        </test-method> <!-- browserQuitAndClose -->
      </class> <!-- testscript.AdminUsersTest -->
      <class name="testscript.LogoutTest">
        <test-method is-config="true" signature="browserInitialization(java.lang.String)[pri:0, instance:testscript.LogoutTest@7975d1d8]" started-at="2025-12-17T16:13:32 IST" name="browserInitialization" finished-at="2025-12-17T16:13:37 IST" duration-ms="4827" status="PASS">
          <params>
            <param index="0">
              <value>
                <![CDATA[chrome]]>
              </value>
            </param>
          </params>
          <reporter-output>
          </reporter-output>
        </test-method> <!-- browserInitialization -->
        <test-method signature="verifyLogout()[pri:0, instance:testscript.LogoutTest@7975d1d8]" started-at="2025-12-17T16:13:37 IST" name="verifyLogout" description="Used to verify user is able to logout" finished-at="2025-12-17T16:13:40 IST" duration-ms="2706" status="PASS">
          <reporter-output>
          </reporter-output>
        </test-method> <!-- verifyLogout -->
        <test-method is-config="true" signature="browserQuitAndClose(org.testng.ITestResult)[pri:0, instance:testscript.LogoutTest@7975d1d8]" started-at="2025-12-17T16:13:40 IST" name="browserQuitAndClose" finished-at="2025-12-17T16:13:40 IST" duration-ms="0" status="PASS">
          <params>
            <param index="0">
              <value>
                <![CDATA[[TestResult name=verifyLogout status=SUCCESS method=LogoutTest.verifyLogout()[pri:0, instance:testscript.LogoutTest@7975d1d8] output={null}]]]>
              </value>
            </param>
          </params>
          <reporter-output>
          </reporter-output>
        </test-method> <!-- browserQuitAndClose -->
      </class> <!-- testscript.LogoutTest -->
      <class name="testscript.LoginTest">
        <test-method is-config="true" signature="browserInitialization(java.lang.String)[pri:0, instance:testscript.LoginTest@1f9f6368]" started-at="2025-12-17T16:12:59 IST" name="browserInitialization" finished-at="2025-12-17T16:13:03 IST" duration-ms="4178" status="PASS">
          <params>
            <param index="0">
              <value>
                <![CDATA[chrome]]>
              </value>
            </param>
          </params>
          <reporter-output>
          </reporter-output>
        </test-method> <!-- browserInitialization -->
        <test-method signature="verifyBothWrongCredentials()[pri:0, instance:testscript.LoginTest@1f9f6368]" started-at="2025-12-17T16:13:03 IST" name="verifyBothWrongCredentials" description="Used to verify the user with invalid credentials" finished-at="2025-12-17T16:13:06 IST" duration-ms="2775" status="PASS">
          <reporter-output>
          </reporter-output>
        </test-method> <!-- verifyBothWrongCredentials -->
        <test-method is-config="true" signature="browserQuitAndClose(org.testng.ITestResult)[pri:0, instance:testscript.LoginTest@1f9f6368]" started-at="2025-12-17T16:13:06 IST" name="browserQuitAndClose" finished-at="2025-12-17T16:13:06 IST" duration-ms="0" status="PASS">
          <params>
            <param index="0">
              <value>
                <![CDATA[[TestResult name=verifyBothWrongCredentials status=SUCCESS method=LoginTest.verifyBothWrongCredentials()[pri:0, instance:testscript.LoginTest@1f9f6368] output={null}]]]>
              </value>
            </param>
          </params>
          <reporter-output>
          </reporter-output>
        </test-method> <!-- browserQuitAndClose -->
        <test-method is-config="true" signature="browserInitialization(java.lang.String)[pri:0, instance:testscript.LoginTest@1f9f6368]" started-at="2025-12-17T16:13:06 IST" name="browserInitialization" finished-at="2025-12-17T16:13:08 IST" duration-ms="2300" status="PASS">
          <params>
            <param index="0">
              <value>
                <![CDATA[chrome]]>
              </value>
            </param>
          </params>
          <reporter-output>
          </reporter-output>
        </test-method> <!-- browserInitialization -->
        <test-method signature="verifyPasswordWrong(java.lang.String,java.lang.String)[pri:0, instance:testscript.LoginTest@1f9f6368]" started-at="2025-12-17T16:13:08 IST" name="verifyPasswordWrong" description="Used to verify the user with correct username and incorrect password" data-provider="LoginProvider" finished-at="2025-12-17T16:13:09 IST" duration-ms="751" status="PASS">
          <params>
            <param index="0">
              <value>
                <![CDATA[admin]]>
              </value>
            </param>
            <param index="1">
              <value>
                <![CDATA[hello]]>
              </value>
            </param>
          </params>
          <reporter-output>
          </reporter-output>
        </test-method> <!-- verifyPasswordWrong -->
        <test-method is-config="true" signature="browserQuitAndClose(org.testng.ITestResult)[pri:0, instance:testscript.LoginTest@1f9f6368]" started-at="2025-12-17T16:13:09 IST" name="browserQuitAndClose" finished-at="2025-12-17T16:13:09 IST" duration-ms="0" status="PASS">
          <params>
            <param index="0">
              <value>
                <![CDATA[[TestResult name=verifyPasswordWrong status=SUCCESS method=LoginTest.verifyPasswordWrong(java.lang.String,java.lang.String)[pri:0, instance:testscript.LoginTest@1f9f6368] output={null}]]]>
              </value>
            </param>
          </params>
          <reporter-output>
          </reporter-output>
        </test-method> <!-- browserQuitAndClose -->
        <test-method is-config="true" signature="browserInitialization(java.lang.String)[pri:0, instance:testscript.LoginTest@1f9f6368]" started-at="2025-12-17T16:13:09 IST" name="browserInitialization" finished-at="2025-12-17T16:13:12 IST" duration-ms="2598" status="PASS">
          <params>
            <param index="0">
              <value>
                <![CDATA[chrome]]>
              </value>
            </param>
          </params>
          <reporter-output>
          </reporter-output>
        </test-method> <!-- browserInitialization -->
        <test-method signature="verifyTheUserIsAbleToLoginUsingValidCredentials()[pri:0, instance:testscript.LoginTest@1f9f6368]" started-at="2025-12-17T16:13:12 IST" name="verifyTheUserIsAbleToLoginUsingValidCredentials" description="To verify whether user is able to login using valid credentials" finished-at="2025-12-17T16:13:13 IST" duration-ms="1153" status="PASS">
          <reporter-output>
          </reporter-output>
        </test-method> <!-- verifyTheUserIsAbleToLoginUsingValidCredentials -->
        <test-method is-config="true" signature="browserQuitAndClose(org.testng.ITestResult)[pri:0, instance:testscript.LoginTest@1f9f6368]" started-at="2025-12-17T16:13:13 IST" name="browserQuitAndClose" finished-at="2025-12-17T16:13:13 IST" duration-ms="0" status="PASS">
          <params>
            <param index="0">
              <value>
                <![CDATA[[TestResult name=verifyTheUserIsAbleToLoginUsingValidCredentials status=SUCCESS method=LoginTest.verifyTheUserIsAbleToLoginUsingValidCredentials()[pri:0, instance:testscript.LoginTest@1f9f6368] output={null}]]]>
              </value>
            </param>
          </params>
          <reporter-output>
          </reporter-output>
        </test-method> <!-- browserQuitAndClose -->
        <test-method is-config="true" signature="browserInitialization(java.lang.String)[pri:0, instance:testscript.LoginTest@1f9f6368]" started-at="2025-12-17T16:13:13 IST" name="browserInitialization" finished-at="2025-12-17T16:13:15 IST" duration-ms="2542" status="PASS">
          <params>
            <param index="0">
              <value>
                <![CDATA[chrome]]>
              </value>
            </param>
          </params>
          <reporter-output>
          </reporter-output>
        </test-method> <!-- browserInitialization -->
        <test-method signature="verifyUsernameWrong()[pri:0, instance:testscript.LoginTest@1f9f6368]" started-at="2025-12-17T16:13:15 IST" name="verifyUsernameWrong" description="Used to verify the user with incorrect username and correct password" finished-at="2025-12-17T16:13:17 IST" duration-ms="1284" status="PASS">
          <reporter-output>
          </reporter-output>
        </test-method> <!-- verifyUsernameWrong -->
        <test-method is-config="true" signature="browserQuitAndClose(org.testng.ITestResult)[pri:0, instance:testscript.LoginTest@1f9f6368]" started-at="2025-12-17T16:13:17 IST" name="browserQuitAndClose" finished-at="2025-12-17T16:13:17 IST" duration-ms="1" status="PASS">
          <params>
            <param index="0">
              <value>
                <![CDATA[[TestResult name=verifyUsernameWrong status=SUCCESS method=LoginTest.verifyUsernameWrong()[pri:0, instance:testscript.LoginTest@1f9f6368] output={null}]]]>
              </value>
            </param>
          </params>
          <reporter-output>
          </reporter-output>
        </test-method> <!-- browserQuitAndClose -->
      </class> <!-- testscript.LoginTest -->
      <class name="testscript.ManageCategoryTest">
        <test-method is-config="true" signature="browserInitialization(java.lang.String)[pri:0, instance:testscript.ManageCategoryTest@5167f57d]" started-at="2025-12-17T16:13:59 IST" name="browserInitialization" finished-at="2025-12-17T16:14:03 IST" duration-ms="4338" status="PASS">
          <params>
            <param index="0">
              <value>
                <![CDATA[chrome]]>
              </value>
            </param>
          </params>
          <reporter-output>
          </reporter-output>
        </test-method> <!-- browserInitialization -->
        <test-method signature="verifyUserCanAddNewCategory()[pri:0, instance:testscript.ManageCategoryTest@5167f57d]" started-at="2025-12-17T16:14:03 IST" name="verifyUserCanAddNewCategory" description="To verify user is able to enter category informations" finished-at="2025-12-17T16:14:08 IST" duration-ms="4534" status="PASS">
          <reporter-output>
          </reporter-output>
        </test-method> <!-- verifyUserCanAddNewCategory -->
        <test-method is-config="true" signature="browserQuitAndClose(org.testng.ITestResult)[pri:0, instance:testscript.ManageCategoryTest@5167f57d]" started-at="2025-12-17T16:14:08 IST" name="browserQuitAndClose" finished-at="2025-12-17T16:14:08 IST" duration-ms="1" status="PASS">
          <params>
            <param index="0">
              <value>
                <![CDATA[[TestResult name=verifyUserCanAddNewCategory status=SUCCESS method=ManageCategoryTest.verifyUserCanAddNewCategory()[pri:0, instance:testscript.ManageCategoryTest@5167f57d] output={null}]]]>
              </value>
            </param>
          </params>
          <reporter-output>
          </reporter-output>
        </test-method> <!-- browserQuitAndClose -->
      </class> <!-- testscript.ManageCategoryTest -->
    </test> <!-- Test -->
  </suite> <!-- Suite -->
</testng-results>
