<?xml version="1.0" encoding="UTF-8"?>
<!-- Generated by org.testng.reporters.JUnitXMLReporter -->
<testsuite ignored="0" hostname="LAPTOP-P2104HK7" failures="0" tests="10" name="Test" time="53.333" errors="0" timestamp="2025-12-16T15:39:02 IST">
  <testcase classname="testscript.LoginTest" name="verifyBothWrongCredentials" time="1.601"/>
  <testcase classname="testscript.LoginTest" name="verifyPasswordWrong" time="0.523"/>
  <testcase classname="testscript.LoginTest" name="verifyTheUserIsAbleToLoginUsingValidCredentials" time="1.061"/>
  <testcase classname="testscript.LoginTest" name="verifyUsernameWrong" time="0.783"/>
  <testcase classname="testscript.ManageNewsTest" name="verifyUserCanAddNews" time="3.108"/>
  <testcase classname="testscript.AdminUsersTest" name="verifyUserCanAddNewUsers" time="3.906"/>
  <testcase classname="testscript.LogoutTest" name="verifyLogout" time="1.77"/>
  <testcase classname="testscript.ManageFooterTextTest" name="verifyUserCanUpdate" time="4.006"/>
  <testcase classname="testscript.ManageContactTest" name="verifyUserCanUpdate" time="4.519"/>
  <testcase classname="testscript.ManageCategoryTest" name="verifyUserCanAddNewCategory" time="6.381"/>
</testsuite> <!-- Test -->
