<?xml version="1.0" encoding="UTF-8"?>
<!-- Generated by org.testng.reporters.JUnitXMLReporter -->
<testsuite ignored="0" hostname="LAPTOP-P2104HK7" failures="0" tests="7" name="Chrome Test" time="55.286" errors="0" timestamp="2025-12-08T14:49:46 IST">
  <testcase classname="testscript.LoginTest" name="verifyBothWrongCredentials" time="3.395"/>
  <testcase classname="testscript.LoginTest" name="verifyPasswordWrong" time="1.405"/>
  <testcase classname="testscript.LoginTest" name="verifyTheUserIsAbleToLoginUsingValidCredentials" time="1.441"/>
  <testcase classname="testscript.LoginTest" name="verifyUsernameWrong" time="1.784"/>
  <testcase classname="testscript.ManageNewsTest" name="verifyUserCanAddNews" time="5.366"/>
  <testcase classname="testscript.AdminUsersTest" name="verifyUserCanAddNewUsers" time="6.048"/>
  <testcase classname="testscript.LogoutTest" name="verifyLogout" time="3.124"/>
</testsuite> <!-- Chrome Test -->
