<?xml version="1.0" encoding="UTF-8"?>
<!-- Generated by org.testng.reporters.JUnitXMLReporter -->
<testsuite ignored="0" hostname="LAPTOP-P2104HK7" failures="0" tests="7" name="Firefox Test" time="92.625" errors="0" timestamp="2025-12-08T14:51:19 IST">
  <testcase classname="testscript.LoginTest" name="verifyBothWrongCredentials" time="2.255"/>
  <testcase classname="testscript.LoginTest" name="verifyPasswordWrong" time="0.002">
    <skipped/>
  </testcase> <!-- verifyPasswordWrong -->
  <testcase classname="testscript.LoginTest" name="verifyTheUserIsAbleToLoginUsingValidCredentials" time="0.001">
    <skipped/>
  </testcase> <!-- verifyTheUserIsAbleToLoginUsingValidCredentials -->
  <testcase classname="testscript.LoginTest" name="verifyUsernameWrong" time="0.001">
    <skipped/>
  </testcase> <!-- verifyUsernameWrong -->
  <testcase classname="testscript.ManageNewsTest" name="verifyUserCanAddNews" time="4.017"/>
  <testcase classname="testscript.AdminUsersTest" name="verifyUserCanAddNewUsers" time="4.4"/>
  <testcase classname="testscript.LogoutTest" name="verifyLogout" time="4.521"/>
</testsuite> <!-- Firefox Test -->
